#
# There is insufficient memory for the Java Runtime Environment to continue.
# Native memory allocation (malloc) failed to allocate 702256 bytes for Chunk::new
# Possible reasons:
#   The system is out of physical RAM or swap space
#   The process is running with CompressedOops enabled, and the Java Heap may be blocking the growth of the native heap
# Possible solutions:
#   Reduce memory load on the system
#   Increase physical memory or swap space
#   Check if swap backing store is full
#   Decrease Java heap size (-Xmx/-Xms)
#   Decrease number of Java threads
#   Decrease Java thread stack sizes (-Xss)
#   Set larger code cache with -XX:ReservedCodeCacheSize=
#   JVM is running with Unscaled Compressed Oops mode in which the Java heap is
#     placed in the first 4GB address space. The Java Heap base address is the
#     maximum limit for the native heap growth. Please use -XX:HeapBaseMinAddress
#     to set the Java Heap base and to place the Java Heap above 4GB virtual address.
# This output file may be truncated or incomplete.
#
#  Out of Memory Error (allocation.cpp:390), pid=8312, tid=0x0000000000002170
#
# JRE version: Java(TM) SE Runtime Environment (8.0_201-b09) (build 1.8.0_201-b09)
# Java VM: Java HotSpot(TM) 64-Bit Server VM (25.201-b09 mixed mode windows-amd64 compressed oops)
# Failed to write core dump. Minidumps are not enabled by default on client versions of Windows
#

---------------  T H R E A D  ---------------

Current thread (0x0000000013c3b000):  JavaThread "C2 CompilerThread0" daemon [_thread_in_native, id=8560, stack(0x00000000152a0000,0x00000000153a0000)]

Stack: [0x00000000152a0000,0x00000000153a0000]
[error occurred during error reporting (printing stack bounds), id 0xc0000005]

Native frames: (J=compiled Java code, j=interpreted, Vv=VM code, C=native code)


Current CompileTask:
C2:  15811 1615   !   4       com.mysql.jdbc.ConnectionImpl::loadServerVariables (878 bytes)


---------------  P R O C E S S  ---------------

Java Threads: ( => current thread )
  0x0000000015685800 JavaThread "mysql-cj-abandoned-connection-cleanup" daemon [_thread_blocked, id=8444, stack(0x0000000015ba0000,0x0000000015ca0000)]
  0x0000000013c9b000 JavaThread "Service Thread" daemon [_thread_blocked, id=8480, stack(0x00000000159a0000,0x0000000015aa0000)]
  0x0000000013c6e800 JavaThread "C1 CompilerThread2" daemon [_thread_blocked, id=4228, stack(0x00000000154a0000,0x00000000155a0000)]
  0x0000000013c47000 JavaThread "C2 CompilerThread1" daemon [_thread_in_native, id=9824, stack(0x00000000153a0000,0x00000000154a0000)]
=>0x0000000013c3b000 JavaThread "C2 CompilerThread0" daemon [_thread_in_native, id=8560, stack(0x00000000152a0000,0x00000000153a0000)]
  0x0000000013c39000 JavaThread "Attach Listener" daemon [_thread_blocked, id=448, stack(0x00000000151a0000,0x00000000152a0000)]
  0x0000000013c44800 JavaThread "Signal Dispatcher" daemon [_thread_blocked, id=10156, stack(0x00000000150a0000,0x00000000151a0000)]
  0x0000000002a0b000 JavaThread "Finalizer" daemon [_thread_blocked, id=5156, stack(0x0000000014e90000,0x0000000014f90000)]
  0x0000000002a00000 JavaThread "Reference Handler" daemon [_thread_blocked, id=2784, stack(0x0000000014d90000,0x0000000014e90000)]
  0x000000000290d800 JavaThread "main" [_thread_in_native, id=9208, stack(0x0000000002780000,0x0000000002880000)]

Other Threads:
  0x0000000013c07800 VMThread [stack: 0x0000000014c90000,0x0000000014d90000] [id=7924]
  0x0000000013c9c000 WatcherThread [stack: 0x0000000015aa0000,0x0000000015ba0000] [id=7904]

VM state:not at safepoint (normal execution)

VM Mutex/Monitor currently owned by a thread: None

heap address: 0x00000000e2200000, size: 478 MB, Compressed Oops mode: 32-bit
Narrow klass base: 0x0000000000000000, Narrow klass shift: 3
Compressed class space size: 1073741824 Address: 0x0000000100000000

Heap:
 PSYoungGen      total 32768K, used 21626K [0x00000000f6100000, 0x00000000f8e00000, 0x0000000100000000)
  eden space 24576K, 54% used [0x00000000f6100000,0x00000000f6e25800,0x00000000f7900000)
  from space 8192K, 99% used [0x00000000f7e00000,0x00000000f85f9240,0x00000000f8600000)
  to   space 6656K, 0% used [0x00000000f8780000,0x00000000f8780000,0x00000000f8e00000)
 ParOldGen       total 38912K, used 16688K [0x00000000e2200000, 0x00000000e4800000, 0x00000000f6100000)
  object space 38912K, 42% used [0x00000000e2200000,0x00000000e324c300,0x00000000e4800000)
 Metaspace       used 7709K, capacity 7814K, committed 7936K, reserved 1056768K
  class space    used 731K, capacity 762K, committed 768K, reserved 1048576K

Card table byte_map: [0x0000000011dd0000,0x0000000011ec0000] byte_map_base: 0x00000000116bf000

Marking Bits: (ParMarkBitMap*) 0x0000000059d04ce0
 Begin Bits: [0x00000000122c0000, 0x0000000012a38000)
 End Bits:   [0x0000000012a38000, 0x00000000131b0000)

Polling page: 0x00000000007b0000

CodeCache: size=245760Kb used=8248Kb max_used=8248Kb free=237511Kb
 bounds [0x0000000002a10000, 0x0000000003230000, 0x0000000011a10000]
 total_blobs=1971 nmethods=1612 adapters=273
 compilation: enabled

Compilation events (10 events):
Event: 15.768 Thread 0x0000000013c6e800 1640       3       java.util.RegularEnumSet::remove (74 bytes)
Event: 15.769 Thread 0x0000000013c6e800 nmethod 1640 0x000000000321ed90 code [0x000000000321ef20, 0x000000000321f4c8]
Event: 15.769 Thread 0x0000000013c6e800 1641   !   3       com.mysql.jdbc.PreparedStatement::clearParameters (75 bytes)
Event: 15.771 Thread 0x0000000013c6e800 nmethod 1641 0x000000000321f610 code [0x000000000321f7e0, 0x0000000003220188]
Event: 15.771 Thread 0x0000000013c6e800 1628       3       com.mysql.jdbc.ConnectionPropertiesImpl::getDetectCustomCollations (8 bytes)
Event: 15.772 Thread 0x0000000013c6e800 nmethod 1628 0x0000000003220850 code [0x00000000032209c0, 0x0000000003220d10]
Event: 15.772 Thread 0x0000000013c6e800 1629   !   3       com.mysql.jdbc.ConnectionImpl::configureCharsetProperties (165 bytes)
Event: 15.778 Thread 0x0000000013c6e800 nmethod 1629 0x0000000003220e50 code [0x0000000003221220, 0x00000000032236e8]
Event: 15.778 Thread 0x0000000013c6e800 1630       3       com.mysql.jdbc.ConnectionImpl::characterSetNamesMatches (54 bytes)
Event: 15.779 Thread 0x0000000013c6e800 nmethod 1630 0x0000000003224a10 code [0x0000000003224bc0, 0x00000000032252d8]

GC Heap History (10 events):
Event: 9.747 GC heap before
{Heap before GC invocations=7 (full 1):
 PSYoungGen      total 17408K, used 16384K [0x00000000f6100000, 0x00000000f8e00000, 0x0000000100000000)
  eden space 16384K, 100% used [0x00000000f6100000,0x00000000f7100000,0x00000000f7100000)
  from space 1024K, 0% used [0x00000000f7100000,0x00000000f7100000,0x00000000f7200000)
  to   space 6656K, 0% used [0x00000000f8780000,0x00000000f8780000,0x00000000f8e00000)
 ParOldGen       total 31232K, used 13536K [0x00000000e2200000, 0x00000000e4080000, 0x00000000f6100000)
  object space 31232K, 43% used [0x00000000e2200000,0x00000000e2f383b8,0x00000000e4080000)
 Metaspace       used 7454K, capacity 7558K, committed 7680K, reserved 1056768K
  class space    used 730K, capacity 762K, committed 768K, reserved 1048576K
Event: 9.788 GC heap after
Heap after GC invocations=7 (full 1):
 PSYoungGen      total 31232K, used 6627K [0x00000000f6100000, 0x00000000f8e00000, 0x0000000100000000)
  eden space 24576K, 0% used [0x00000000f6100000,0x00000000f6100000,0x00000000f7900000)
  from space 6656K, 99% used [0x00000000f8780000,0x00000000f8df8da0,0x00000000f8e00000)
  to   space 8192K, 0% used [0x00000000f7e00000,0x00000000f7e00000,0x00000000f8600000)
 ParOldGen       total 31232K, used 15221K [0x00000000e2200000, 0x00000000e4080000, 0x00000000f6100000)
  object space 31232K, 48% used [0x00000000e2200000,0x00000000e30dd748,0x00000000e4080000)
 Metaspace       used 7454K, capacity 7558K, committed 7680K, reserved 1056768K
  class space    used 730K, capacity 762K, committed 768K, reserved 1048576K
}
Event: 11.714 GC heap before
{Heap before GC invocations=8 (full 1):
 PSYoungGen      total 31232K, used 31203K [0x00000000f6100000, 0x00000000f8e00000, 0x0000000100000000)
  eden space 24576K, 100% used [0x00000000f6100000,0x00000000f7900000,0x00000000f7900000)
  from space 6656K, 99% used [0x00000000f8780000,0x00000000f8df8da0,0x00000000f8e00000)
  to   space 8192K, 0% used [0x00000000f7e00000,0x00000000f7e00000,0x00000000f8600000)
 ParOldGen       total 31232K, used 15221K [0x00000000e2200000, 0x00000000e4080000, 0x00000000f6100000)
  object space 31232K, 48% used [0x00000000e2200000,0x00000000e30dd748,0x00000000e4080000)
 Metaspace       used 7576K, capacity 7686K, committed 7936K, reserved 1056768K
  class space    used 730K, capacity 762K, committed 768K, reserved 1048576K
Event: 11.760 GC heap after
Heap after GC invocations=8 (full 1):
 PSYoungGen      total 32768K, used 8165K [0x00000000f6100000, 0x00000000f8e00000, 0x0000000100000000)
  eden space 24576K, 0% used [0x00000000f6100000,0x00000000f6100000,0x00000000f7900000)
  from space 8192K, 99% used [0x00000000f7e00000,0x00000000f85f94a0,0x00000000f8600000)
  to   space 6656K, 0% used [0x00000000f8780000,0x00000000f8780000,0x00000000f8e00000)
 ParOldGen       total 31232K, used 18934K [0x00000000e2200000, 0x00000000e4080000, 0x00000000f6100000)
  object space 31232K, 60% used [0x00000000e2200000,0x00000000e347dbc8,0x00000000e4080000)
 Metaspace       used 7576K, capacity 7686K, committed 7936K, reserved 1056768K
  class space    used 730K, capacity 762K, committed 768K, reserved 1048576K
}
Event: 13.295 GC heap before
{Heap before GC invocations=9 (full 1):
 PSYoungGen      total 32768K, used 32741K [0x00000000f6100000, 0x00000000f8e00000, 0x0000000100000000)
  eden space 24576K, 100% used [0x00000000f6100000,0x00000000f7900000,0x00000000f7900000)
  from space 8192K, 99% used [0x00000000f7e00000,0x00000000f85f94a0,0x00000000f8600000)
  to   space 6656K, 0% used [0x00000000f8780000,0x00000000f8780000,0x00000000f8e00000)
 ParOldGen       total 31232K, used 18934K [0x00000000e2200000, 0x00000000e4080000, 0x00000000f6100000)
  object space 31232K, 60% used [0x00000000e2200000,0x00000000e347dbc8,0x00000000e4080000)
 Metaspace       used 7685K, capacity 7814K, committed 7936K, reserved 1056768K
  class space    used 731K, capacity 762K, committed 768K, reserved 1048576K
Event: 13.345 GC heap after
Heap after GC invocations=9 (full 1):
 PSYoungGen      total 31232K, used 6645K [0x00000000f6100000, 0x00000000f8e00000, 0x0000000100000000)
  eden space 24576K, 0% used [0x00000000f6100000,0x00000000f6100000,0x00000000f7900000)
  from space 6656K, 99% used [0x00000000f8780000,0x00000000f8dfd770,0x00000000f8e00000)
  to   space 8192K, 0% used [0x00000000f7e00000,0x00000000f7e00000,0x00000000f8600000)
 ParOldGen       total 31232K, used 25711K [0x00000000e2200000, 0x00000000e4080000, 0x00000000f6100000)
  object space 31232K, 82% used [0x00000000e2200000,0x00000000e3b1bc88,0x00000000e4080000)
 Metaspace       used 7685K, capacity 7814K, committed 7936K, reserved 1056768K
  class space    used 731K, capacity 762K, committed 768K, reserved 1048576K
}
Event: 13.345 GC heap before
{Heap before GC invocations=10 (full 2):
 PSYoungGen      total 31232K, used 6645K [0x00000000f6100000, 0x00000000f8e00000, 0x0000000100000000)
  eden space 24576K, 0% used [0x00000000f6100000,0x00000000f6100000,0x00000000f7900000)
  from space 6656K, 99% used [0x00000000f8780000,0x00000000f8dfd770,0x00000000f8e00000)
  to   space 8192K, 0% used [0x00000000f7e00000,0x00000000f7e00000,0x00000000f8600000)
 ParOldGen       total 31232K, used 25711K [0x00000000e2200000, 0x00000000e4080000, 0x00000000f6100000)
  object space 31232K, 82% used [0x00000000e2200000,0x00000000e3b1bc88,0x00000000e4080000)
 Metaspace       used 7685K, capacity 7814K, committed 7936K, reserved 1056768K
  class space    used 731K, capacity 762K, committed 768K, reserved 1048576K
Event: 13.473 GC heap after
Heap after GC invocations=10 (full 2):
 PSYoungGen      total 31232K, used 0K [0x00000000f6100000, 0x00000000f8e00000, 0x0000000100000000)
  eden space 24576K, 0% used [0x00000000f6100000,0x00000000f6100000,0x00000000f7900000)
  from space 6656K, 0% used [0x00000000f8780000,0x00000000f8780000,0x00000000f8e00000)
  to   space 8192K, 0% used [0x00000000f7e00000,0x00000000f7e00000,0x00000000f8600000)
 ParOldGen       total 38912K, used 13792K [0x00000000e2200000, 0x00000000e4800000, 0x00000000f6100000)
  object space 38912K, 35% used [0x00000000e2200000,0x00000000e2f781c0,0x00000000e4800000)
 Metaspace       used 7685K, capacity 7814K, committed 7936K, reserved 1056768K
  class space    used 731K, capacity 762K, committed 768K, reserved 1048576K
}
Event: 14.865 GC heap before
{Heap before GC invocations=11 (full 2):
 PSYoungGen      total 31232K, used 24576K [0x00000000f6100000, 0x00000000f8e00000, 0x0000000100000000)
  eden space 24576K, 100% used [0x00000000f6100000,0x00000000f7900000,0x00000000f7900000)
  from space 6656K, 0% used [0x00000000f8780000,0x00000000f8780000,0x00000000f8e00000)
  to   space 8192K, 0% used [0x00000000f7e00000,0x00000000f7e00000,0x00000000f8600000)
 ParOldGen       total 38912K, used 13792K [0x00000000e2200000, 0x00000000e4800000, 0x00000000f6100000)
  object space 38912K, 35% used [0x00000000e2200000,0x00000000e2f781c0,0x00000000e4800000)
 Metaspace       used 7705K, capacity 7814K, committed 7936K, reserved 1056768K
  class space    used 731K, capacity 762K, committed 768K, reserved 1048576K
Event: 14.900 GC heap after
Heap after GC invocations=11 (full 2):
 PSYoungGen      total 32768K, used 8164K [0x00000000f6100000, 0x00000000f8e00000, 0x0000000100000000)
  eden space 24576K, 0% used [0x00000000f6100000,0x00000000f6100000,0x00000000f7900000)
  from space 8192K, 99% used [0x00000000f7e00000,0x00000000f85f9240,0x00000000f8600000)
  to   space 6656K, 0% used [0x00000000f8780000,0x00000000f8780000,0x00000000f8e00000)
 ParOldGen       total 38912K, used 16688K [0x00000000e2200000, 0x00000000e4800000, 0x00000000f6100000)
  object space 38912K, 42% used [0x00000000e2200000,0x00000000e324c300,0x00000000e4800000)
 Metaspace       used 7705K, capacity 7814K, committed 7936K, reserved 1056768K
  class space    used 731K, capacity 762K, committed 768K, reserved 1048576K
}

Deoptimization events (10 events):
Event: 1.906 Thread 0x000000000290d800 Uncommon trap: reason=class_check action=maybe_recompile pc=0x0000000002bbde00 method=java.util.Properties$LineReader.readLine()I @ 410
Event: 3.676 Thread 0x000000000290d800 Uncommon trap: reason=unstable_if action=reinterpret pc=0x0000000002cfa1ec method=java.lang.CharacterData.of(I)Ljava/lang/CharacterData; @ 4
Event: 6.310 Thread 0x000000000290d800 Uncommon trap: reason=unstable_if action=reinterpret pc=0x0000000002e62de0 method=java.io.BufferedOutputStream.write([BII)V @ 6
Event: 6.335 Thread 0x000000000290d800 Uncommon trap: reason=unstable_if action=reinterpret pc=0x0000000002e00020 method=sun.nio.cs.SingleByte$Decoder.decodeArrayLoop(Ljava/nio/ByteBuffer;Ljava/nio/CharBuffer;)Ljava/nio/charset/CoderResult; @ 109
Event: 7.714 Thread 0x000000000290d800 Uncommon trap: reason=unstable_if action=reinterpret pc=0x0000000002d9f458 method=com.mysql.jdbc.StringUtils.indexOfNextChar(IILjava/lang/String;Ljava/lang/String;Ljava/lang/String;Ljava/lang/String;Ljava/util/Set;)I @ 738
Event: 8.171 Thread 0x000000000290d800 Uncommon trap: reason=unstable_if action=reinterpret pc=0x0000000002e65f68 method=java.lang.CharacterDataLatin1.toUpperCase(I)I @ 21
Event: 8.172 Thread 0x000000000290d800 Uncommon trap: reason=unstable_if action=reinterpret pc=0x0000000002c6ba30 method=java.lang.CharacterDataLatin1.toUpperCase(I)I @ 21
Event: 10.365 Thread 0x000000000290d800 Uncommon trap: reason=range_check action=make_not_entrant pc=0x0000000002f7a134 method=java.lang.String.charAt(I)C @ 27
Event: 13.041 Thread 0x000000000290d800 Uncommon trap: reason=unstable_if action=reinterpret pc=0x00000000030aec68 method=com.mysql.jdbc.PreparedStatement$ParseInfo.<init>(Ljava/lang/String;Lcom/mysql/jdbc/MySQLConnection;Ljava/sql/DatabaseMetaData;Ljava/lang/String;Lcom/mysql/jdbc/SingleByteCh
Event: 13.041 Thread 0x000000000290d800 Uncommon trap: reason=unstable_if action=reinterpret pc=0x0000000002fa5104 method=com.mysql.jdbc.StringUtils.stripComments(Ljava/lang/String;Ljava/lang/String;Ljava/lang/String;ZZZZ)Ljava/lang/String; @ 107

Classes redefined (0 events):
No events

Internal exceptions (10 events):
Event: 14.824 Thread 0x000000000290d800 Exception <a 'java/lang/NullPointerException'> (0x00000000f77f2bc8) thrown at [C:\re\workspace\8-2-build-windows-amd64-cygwin\jdk8u201\12322\hotspot\src\share\vm\interpreter\linkResolver.cpp, line 1185]
Event: 14.828 Thread 0x000000000290d800 Exception <a 'java/lang/NullPointerException'> (0x00000000f780edf8) thrown at [C:\re\workspace\8-2-build-windows-amd64-cygwin\jdk8u201\12322\hotspot\src\share\vm\interpreter\linkResolver.cpp, line 1185]
Event: 14.833 Thread 0x000000000290d800 Exception <a 'java/lang/NullPointerException'> (0x00000000f782c648) thrown at [C:\re\workspace\8-2-build-windows-amd64-cygwin\jdk8u201\12322\hotspot\src\share\vm\interpreter\linkResolver.cpp, line 1185]
Event: 14.837 Thread 0x000000000290d800 Exception <a 'java/lang/NullPointerException'> (0x00000000f7848828) thrown at [C:\re\workspace\8-2-build-windows-amd64-cygwin\jdk8u201\12322\hotspot\src\share\vm\interpreter\linkResolver.cpp, line 1185]
Event: 14.841 Thread 0x000000000290d800 Exception <a 'java/lang/NullPointerException'> (0x00000000f7864a90) thrown at [C:\re\workspace\8-2-build-windows-amd64-cygwin\jdk8u201\12322\hotspot\src\share\vm\interpreter\linkResolver.cpp, line 1185]
Event: 14.845 Thread 0x000000000290d800 Exception <a 'java/lang/NullPointerException'> (0x00000000f7880cf8) thrown at [C:\re\workspace\8-2-build-windows-amd64-cygwin\jdk8u201\12322\hotspot\src\share\vm\interpreter\linkResolver.cpp, line 1185]
Event: 14.850 Thread 0x000000000290d800 Exception <a 'java/lang/NullPointerException'> (0x00000000f789cf20) thrown at [C:\re\workspace\8-2-build-windows-amd64-cygwin\jdk8u201\12322\hotspot\src\share\vm\interpreter\linkResolver.cpp, line 1185]
Event: 14.854 Thread 0x000000000290d800 Exception <a 'java/lang/NullPointerException'> (0x00000000f78b9150) thrown at [C:\re\workspace\8-2-build-windows-amd64-cygwin\jdk8u201\12322\hotspot\src\share\vm\interpreter\linkResolver.cpp, line 1185]
Event: 14.858 Thread 0x000000000290d800 Exception <a 'java/lang/NullPointerException'> (0x00000000f78d52b8) thrown at [C:\re\workspace\8-2-build-windows-amd64-cygwin\jdk8u201\12322\hotspot\src\share\vm\interpreter\linkResolver.cpp, line 1185]
Event: 14.863 Thread 0x000000000290d800 Exception <a 'java/lang/NullPointerException'> (0x00000000f78f1410) thrown at [C:\re\workspace\8-2-build-windows-amd64-cygwin\jdk8u201\12322\hotspot\src\share\vm\interpreter\linkResolver.cpp, line 1185]

Events (10 events):
Event: 14.412 Thread 0x000000000290d800 DEOPT PACKING pc=0x0000000003148fab sp=0x000000000287ef30
Event: 14.412 Thread 0x000000000290d800 DEOPT UNPACKING pc=0x0000000002a57490 sp=0x000000000287ed48 mode 0
Event: 14.865 Executing VM operation: ParallelGCFailedAllocation
Event: 14.900 Executing VM operation: ParallelGCFailedAllocation done
Event: 14.908 Thread 0x000000000290d800 DEOPT PACKING pc=0x0000000003148ead sp=0x000000000287ef30
Event: 14.908 Thread 0x000000000290d800 DEOPT UNPACKING pc=0x0000000002a57490 sp=0x000000000287ed38 mode 0
Event: 14.987 Thread 0x000000000290d800 DEOPT PACKING pc=0x00000000031937fa sp=0x000000000287ec30
Event: 14.987 Thread 0x000000000290d800 DEOPT UNPACKING pc=0x0000000002a57490 sp=0x000000000287eab0 mode 0
Event: 15.509 Thread 0x000000000290d800 DEOPT PACKING pc=0x00000000031937fa sp=0x000000000287ec30
Event: 15.509 Thread 0x000000000290d800 DEOPT UNPACKING pc=0x0000000002a57490 sp=0x000000000287eab0 mode 0


Dynamic libraries:
0x00007ff74a750000 - 0x00007ff74a787000 	C:\Program Files\Java\jre1.8.0_201\bin\javaw.exe
0x00007ffd06230000 - 0x00007ffd06411000 	C:\WINDOWS\SYSTEM32\ntdll.dll
0x00007ffd05d90000 - 0x00007ffd05e41000 	C:\WINDOWS\System32\KERNEL32.DLL
0x00007ffd02b10000 - 0x00007ffd02d83000 	C:\WINDOWS\System32\KERNELBASE.dll
0x00007ffd037b0000 - 0x00007ffd03851000 	C:\WINDOWS\System32\ADVAPI32.dll
0x00007ffd04490000 - 0x00007ffd0452e000 	C:\WINDOWS\System32\msvcrt.dll
0x00007ffd060f0000 - 0x00007ffd0614b000 	C:\WINDOWS\System32\sechost.dll
0x00007ffd05e50000 - 0x00007ffd05f74000 	C:\WINDOWS\System32\RPCRT4.dll
0x00007ffd05970000 - 0x00007ffd05b00000 	C:\WINDOWS\System32\USER32.dll
0x00007ffd02af0000 - 0x00007ffd02b10000 	C:\WINDOWS\System32\win32u.dll
0x00007ffd06150000 - 0x00007ffd06178000 	C:\WINDOWS\System32\GDI32.dll
0x00007ffd02760000 - 0x00007ffd028f1000 	C:\WINDOWS\System32\gdi32full.dll
0x00007ffd02d90000 - 0x00007ffd02e2f000 	C:\WINDOWS\System32\msvcp_win.dll
0x00007ffd02600000 - 0x00007ffd026f8000 	C:\WINDOWS\System32\ucrtbase.dll
0x00007ffcef580000 - 0x00007ffcef7e9000 	C:\WINDOWS\WinSxS\amd64_microsoft.windows.common-controls_6595b64144ccf1df_6.0.17134.950_none_fb3da4273069d3e0\COMCTL32.dll
0x00007ffd04040000 - 0x00007ffd04362000 	C:\WINDOWS\System32\combase.dll
0x00007ffd03590000 - 0x00007ffd03609000 	C:\WINDOWS\System32\bcryptPrimitives.dll
0x00007ffd04460000 - 0x00007ffd0448d000 	C:\WINDOWS\System32\IMM32.DLL
0x0000000059320000 - 0x00000000593f1000 	C:\Program Files\Java\jre1.8.0_201\bin\msvcr100.dll
0x00000000594e0000 - 0x0000000059d84000 	C:\Program Files\Java\jre1.8.0_201\bin\server\jvm.dll
0x00007ffd05bb0000 - 0x00007ffd05bb8000 	C:\WINDOWS\System32\PSAPI.DLL
0x00007ffd01120000 - 0x00007ffd01129000 	C:\WINDOWS\SYSTEM32\WSOCK32.dll
0x00007ffd05c80000 - 0x00007ffd05cec000 	C:\WINDOWS\System32\WS2_32.dll
0x00007ffcffdc0000 - 0x00007ffcffde3000 	C:\WINDOWS\SYSTEM32\WINMM.dll
0x00007ffcf82a0000 - 0x00007ffcf82aa000 	C:\WINDOWS\SYSTEM32\VERSION.dll
0x00007ffcffd70000 - 0x00007ffcffd9a000 	C:\WINDOWS\SYSTEM32\WINMMBASE.dll
0x00007ffd02e30000 - 0x00007ffd02e79000 	C:\WINDOWS\System32\cfgmgr32.dll
0x00007ffcf6610000 - 0x00007ffcf661f000 	C:\Program Files\Java\jre1.8.0_201\bin\verify.dll
0x00007ffce82e0000 - 0x00007ffce8309000 	C:\Program Files\Java\jre1.8.0_201\bin\java.dll
0x00007ffcea760000 - 0x00007ffcea776000 	C:\Program Files\Java\jre1.8.0_201\bin\zip.dll
0x00007ffd04530000 - 0x00007ffd05970000 	C:\WINDOWS\System32\SHELL32.dll
0x00007ffd05b00000 - 0x00007ffd05ba9000 	C:\WINDOWS\System32\shcore.dll
0x00007ffd02e80000 - 0x00007ffd0358d000 	C:\WINDOWS\System32\windows.storage.dll
0x00007ffd05c20000 - 0x00007ffd05c71000 	C:\WINDOWS\System32\shlwapi.dll
0x00007ffd025e0000 - 0x00007ffd025f1000 	C:\WINDOWS\System32\kernel.appcore.dll
0x00007ffd025c0000 - 0x00007ffd025df000 	C:\WINDOWS\System32\profapi.dll
0x00007ffd02540000 - 0x00007ffd0258c000 	C:\WINDOWS\System32\powrprof.dll
0x00007ffd02590000 - 0x00007ffd0259a000 	C:\WINDOWS\System32\FLTLIB.DLL
0x00007ffce7de0000 - 0x00007ffce7dfa000 	C:\Program Files\Java\jre1.8.0_201\bin\net.dll
0x00007ffcf5dd0000 - 0x00007ffcf5f99000 	C:\WINDOWS\SYSTEM32\urlmon.dll
0x00007ffcf6340000 - 0x00007ffcf65e6000 	C:\WINDOWS\SYSTEM32\iertutil.dll
0x00007ffd01f30000 - 0x00007ffd01f3b000 	C:\WINDOWS\SYSTEM32\CRYPTBASE.DLL
0x00007ffd01d60000 - 0x00007ffd01dc6000 	C:\WINDOWS\system32\mswsock.dll
0x00007ffd01af0000 - 0x00007ffd01bae000 	C:\WINDOWS\SYSTEM32\DNSAPI.dll
0x00007ffd04030000 - 0x00007ffd04038000 	C:\WINDOWS\System32\NSI.dll
0x00007ffd01ab0000 - 0x00007ffd01ae8000 	C:\WINDOWS\SYSTEM32\IPHLPAPI.DLL
0x00007ffcf8ad0000 - 0x00007ffcf8ada000 	C:\Windows\System32\rasadhlp.dll
0x00007ffcf8a00000 - 0x00007ffcf8a72000 	C:\WINDOWS\System32\fwpuclnt.dll
0x00007ffd02040000 - 0x00007ffd02065000 	C:\WINDOWS\SYSTEM32\bcrypt.dll

VM Arguments:
jvm_args: -Dfile.encoding=Cp1252 
java_command: controller.LeiaCVS
java_class_path (initial): C:\Users\yuris\eclipse-workspace\trabalhoPrimeiroBimestre\bin;C:\Users\yuris\eclipse-workspace\trabalhoPrimeiroBimestre\lib\jxl-2.6.jar;C:\Users\yuris\eclipse-workspace\trabalhoPrimeiroBimestre\lib\mysql-connector-java-5.1.48.jar
Launcher Type: SUN_STANDARD

Environment Variables:
PATH=C:/Program Files/Java/jre1.8.0_201/bin/server;C:/Program Files/Java/jre1.8.0_201/bin;C:/Program Files/Java/jre1.8.0_201/lib/amd64;C:\Program Files (x86)\Common Files\Oracle\Java\javapath;C:\WINDOWS\system32;C:\WINDOWS;C:\WINDOWS\System32\Wbem;C:\WINDOWS\System32\WindowsPowerShell\v1.0\;C:\WINDOWS\System32\OpenSSH\;C:\Users\yuris\AppData\Local\Microsoft\WindowsApps;C:\Users\yuris\AppData\Local\Programs\Microsoft VS Code\bin;C:\Users\yuris\AppData\Local\GitHubDesktop\bin;C:\Users\yuris\Desktop;
USERNAME=yuris
OS=Windows_NT
PROCESSOR_IDENTIFIER=Intel64 Family 6 Model 76 Stepping 4, GenuineIntel



---------------  S Y S T E M  ---------------

OS: Windows 10.0 , 64 bit Build 17134 (10.0.17134.753)

CPU:total 4 (initial active 4) (4 cores per cpu, 1 threads per core) family 6 model 76 stepping 4, cmov, cx8, fxsr, mmx, sse, sse2, sse3, ssse3, sse4.1, sse4.2, popcnt, aes, clmul, erms, 3dnowpref, tsc, tscinvbit

Memory: 4k page, physical 1953868k(344540k free), swap 4192056k(380k free)

vm_info: Java HotSpot(TM) 64-Bit Server VM (25.201-b09) for windows-amd64 JRE (1.8.0_201-b09), built on Dec 15 2018 18:36:39 by "java_re" with MS VC++ 10.0 (VS2010)

time: Mon Sep 16 21:41:53 2019
timezone: Hora oficial do Brasil
elapsed time: 15 seconds (0d 0h 0m 15s)

